2026-02-16T13:52:18+00:00 START execute
2026-02-16T13:52:18+00:00 callback: null, message: {"message_id":7036,"from":{"id":910061391,"is_bot":false,"first_name":"\u0421\u043e\u0444\u044c\u044f","username":"sofya7876","language_code":"ru","is_premium":true},"chat":{"id":910061391,"first_name":"\u0421\u043e\u0444\u044c\u044f","username":"sofya7876","type":"private"},"date":1771249937,"text":"\/delay","entities":[{"offset":0,"length":6,"type":"bot_command"}]}
2026-02-16T13:52:18+00:00 telegram_id: 910061391, chat_id: 910061391, username: sofya7876, text: ''
2026-02-16T13:52:18+00:00 FSM state: null, data: {"custom_name":"\u0421\u043e\u0444\u044c\u044f","command":"delay"}
2026-02-16T13:52:18+00:00 default: show number_keyboard, message_id: 7036
2026-02-16T13:52:18+00:00, data: {"custom_name":"\u0421\u043e\u0444\u044c\u044f","command":"delay","history":[null],"keyboard_message_id":7037}
2026-02-16T13:52:21+00:00 START execute
2026-02-16T13:52:21+00:00 callback: {"id":"3908683914890250845","from":{"id":910061391,"is_bot":false,"first_name":"\u0421\u043e\u0444\u044c\u044f","username":"sofya7876","language_code":"ru","is_premium":true},"message":{"message_id":7037,"from":{"id":8440407204,"is_bot":true,"first_name":"\u0414\u0435\u0436\u0443\u0440\u043d\u044b\u0439 \u0431\u043e\u0442","username":"peppers_dezhurniy_bot"},"chat":{"id":910061391,"first_name":"\u0421\u043e\u0444\u044c\u044f","username":"sofya7876","type":"private"},"date":1771249938,"text":"\u0423\u043a\u0430\u0436\u0438 \u043d\u0430 \u0441\u043a\u043e\u043b\u044c\u043a\u043e \u043c\u0438\u043d\u0443\u0442 \u0442\u044b \u043e\u043f\u0430\u0437\u0434\u044b\u0432\u0430\u0435\u0448\u044c:","reply_markup":{"inline_keyboard":[[{"text":"10","callback_data":"delay_10"},{"text":"15","callback_data":"delay_15"},{"text":"30","callback_data":"delay_30"}],[{"text":"\ud83c\udfe0 \u0413\u043b\u0430\u0432\u043d\u0430\u044f","callback_data":"main"}]]}},"chat_instance":"1273348234730368330","data":"delay_15"}, message: null
2026-02-16T13:52:21+00:00 telegram_id: 910061391, chat_id: 910061391, username: sofya7876, text: ''
2026-02-16T13:52:21+00:00 FSM state: "wait_time", data: {"custom_name":"\u0421\u043e\u0444\u044c\u044f","command":"delay","history":[null],"keyboard_message_id":7037}
2026-02-16T13:52:21+00:00, data: {"custom_name":"\u0421\u043e\u0444\u044c\u044f","command":"delay","history":[null],"keyboard_message_id":7037,"delay_minutes":15}
2026-02-16T13:52:28+00:00 START execute
2026-02-16T13:52:28+00:00 callback: null, message: {"message_id":7039,"from":{"id":910061391,"is_bot":false,"first_name":"\u0421\u043e\u0444\u044c\u044f","username":"sofya7876","language_code":"ru","is_premium":true},"chat":{"id":910061391,"first_name":"\u0421\u043e\u0444\u044c\u044f","username":"sofya7876","type":"private"},"date":1771249948,"text":"\u0437\u0430\u0433\u0440\u0443\u0437\u043a\u0430 \u043e\u0431\u043d\u043e\u0432\u044b"}
2026-02-16T13:52:28+00:00 telegram_id: 910061391, chat_id: 910061391, username: sofya7876, text: 'загрузка обновы'
2026-02-16T13:52:28+00:00 FSM state: "wait_reason", data: {"custom_name":"\u0421\u043e\u0444\u044c\u044f","command":"delay","history":[null,"wait_time"],"keyboard_message_id":7038,"delay_minutes":15}
2026-02-16T13:52:31+00:00 START execute
2026-02-16T13:52:31+00:00 callback: {"id":"3908683913947368934","from":{"id":910061391,"is_bot":false,"first_name":"\u0421\u043e\u0444\u044c\u044f","username":"sofya7876","language_code":"ru","is_premium":true},"message":{"message_id":7040,"from":{"id":8440407204,"is_bot":true,"first_name":"\u0414\u0435\u0436\u0443\u0440\u043d\u044b\u0439 \u0431\u043e\u0442","username":"peppers_dezhurniy_bot"},"chat":{"id":910061391,"first_name":"\u0421\u043e\u0444\u044c\u044f","username":"sofya7876","type":"private"},"date":1771249949,"text":"\u041f\u0440\u043e\u0432\u0435\u0440\u044c \u0438\u043d\u0444\u043e\u0440\u043c\u0430\u0446\u0438\u044e: \n\u041e\u043f\u043e\u0437\u0434\u0430\u043d\u0438\u0435: 15 \u043c\u0438\u043d\n\u041f\u0440\u0438\u0447\u0438\u043d\u0430: \u0437\u0430\u0433\u0440\u0443\u0437\u043a\u0430 \u043e\u0431\u043d\u043e\u0432\u044b\n\u0412\u0441\u0435 \u0432\u0435\u0440\u043d\u043e? \u041d\u0430\u043f\u0438\u0448\u0438 '\u0414\u0430' \u0438\u043b\u0438 '\u0418\u0441\u043f\u0440\u0430\u0432\u0438\u0442\u044c'","reply_markup":{"inline_keyboard":[[{"text":"\u2705 \u0414\u0430","callback_data":"yes"},{"text":"\u274c \u0418\u0441\u043f\u0440\u0430\u0432\u0438\u0442\u044c","callback_data":"edit"}],[{"text":"\ud83c\udfe0 \u0413\u043b\u0430\u0432\u043d\u0430\u044f","callback_data":"main"}]]}},"chat_instance":"1273348234730368330","data":"yes"}, message: null
2026-02-16T13:52:31+00:00 telegram_id: 910061391, chat_id: 910061391, username: sofya7876, text: ''
2026-02-16T13:52:31+00:00 FSM state: "confirm", data: {"custom_name":"\u0421\u043e\u0444\u044c\u044f","command":"delay","history":[null,"wait_time","wait_reason"],"keyboard_message_id":7040,"delay_minutes":15,"reason":"\u0437\u0430\u0433\u0440\u0443\u0437\u043a\u0430 \u043e\u0431\u043d\u043e\u0432\u044b"}
2026-02-16T14:05:12+00:00 START execute
2026-02-16T14:05:12+00:00 callback: null, message: {"message_id":7048,"from":{"id":910061391,"is_bot":false,"first_name":"\u0421\u043e\u0444\u044c\u044f","username":"sofya7876","language_code":"ru","is_premium":true},"chat":{"id":910061391,"first_name":"\u0421\u043e\u0444\u044c\u044f","username":"sofya7876","type":"private"},"date":1771250712,"text":"\/delay","entities":[{"offset":0,"length":6,"type":"bot_command"}]}
2026-02-16T14:05:12+00:00 telegram_id: 910061391, chat_id: 910061391, username: sofya7876, text: ''
2026-02-16T14:05:12+00:00 FSM state: null, data: {"command":"delay"}
2026-02-16T14:05:12+00:00 default: show number_keyboard, message_id: 7048
2026-02-16T14:05:13+00:00, data: {"command":"delay","history":[null],"keyboard_message_id":7049}
2026-02-16T14:05:14+00:00 START execute
2026-02-16T14:05:14+00:00 callback: {"id":"3908683912171790515","from":{"id":910061391,"is_bot":false,"first_name":"\u0421\u043e\u0444\u044c\u044f","username":"sofya7876","language_code":"ru","is_premium":true},"message":{"message_id":7049,"from":{"id":8440407204,"is_bot":true,"first_name":"\u0414\u0435\u0436\u0443\u0440\u043d\u044b\u0439 \u0431\u043e\u0442","username":"peppers_dezhurniy_bot"},"chat":{"id":910061391,"first_name":"\u0421\u043e\u0444\u044c\u044f","username":"sofya7876","type":"private"},"date":1771250713,"text":"\u0423\u043a\u0430\u0436\u0438 \u043d\u0430 \u0441\u043a\u043e\u043b\u044c\u043a\u043e \u043c\u0438\u043d\u0443\u0442 \u0442\u044b \u043e\u043f\u0430\u0437\u0434\u044b\u0432\u0430\u0435\u0448\u044c:","reply_markup":{"inline_keyboard":[[{"text":"10","callback_data":"delay_10"},{"text":"15","callback_data":"delay_15"},{"text":"30","callback_data":"delay_30"}],[{"text":"\ud83c\udfe0 \u0413\u043b\u0430\u0432\u043d\u0430\u044f","callback_data":"main"}]]}},"chat_instance":"1273348234730368330","data":"delay_15"}, message: null
2026-02-16T14:05:14+00:00 telegram_id: 910061391, chat_id: 910061391, username: sofya7876, text: ''
2026-02-16T14:05:14+00:00 FSM state: "wait_time", data: {"command":"delay","history":[null],"keyboard_message_id":7049}
2026-02-16T14:05:15+00:00, data: {"command":"delay","history":[null],"keyboard_message_id":7049,"delay_minutes":15}
2026-02-16T14:05:20+00:00 START execute
2026-02-16T14:05:20+00:00 callback: null, message: {"message_id":7051,"from":{"id":910061391,"is_bot":false,"first_name":"\u0421\u043e\u0444\u044c\u044f","username":"sofya7876","language_code":"ru","is_premium":true},"chat":{"id":910061391,"first_name":"\u0421\u043e\u0444\u044c\u044f","username":"sofya7876","type":"private"},"date":1771250720,"text":"jkljkljklkjjkljkljklkljjkljkl"}
2026-02-16T14:05:20+00:00 telegram_id: 910061391, chat_id: 910061391, username: sofya7876, text: 'jkljkljklkjjkljkljklkljjkljkl'
2026-02-16T14:05:20+00:00 FSM state: "wait_reason", data: {"command":"delay","history":[null,"wait_time"],"keyboard_message_id":7050,"delay_minutes":15}
2026-02-16T14:05:24+00:00 START execute
2026-02-16T14:05:24+00:00 callback: {"id":"3908683912132211386","from":{"id":910061391,"is_bot":false,"first_name":"\u0421\u043e\u0444\u044c\u044f","username":"sofya7876","language_code":"ru","is_premium":true},"message":{"message_id":7052,"from":{"id":8440407204,"is_bot":true,"first_name":"\u0414\u0435\u0436\u0443\u0440\u043d\u044b\u0439 \u0431\u043e\u0442","username":"peppers_dezhurniy_bot"},"chat":{"id":910061391,"first_name":"\u0421\u043e\u0444\u044c\u044f","username":"sofya7876","type":"private"},"date":1771250720,"text":"\u041f\u0440\u043e\u0432\u0435\u0440\u044c \u0438\u043d\u0444\u043e\u0440\u043c\u0430\u0446\u0438\u044e: \n\u041e\u043f\u043e\u0437\u0434\u0430\u043d\u0438\u0435: 15 \u043c\u0438\u043d\n\u041f\u0440\u0438\u0447\u0438\u043d\u0430: jkljkljklkjjkljkljklkljjkljkl\n\u0412\u0441\u0435 \u0432\u0435\u0440\u043d\u043e? \u041d\u0430\u043f\u0438\u0448\u0438 '\u0414\u0430' \u0438\u043b\u0438 '\u0418\u0441\u043f\u0440\u0430\u0432\u0438\u0442\u044c'","reply_markup":{"inline_keyboard":[[{"text":"\u2705 \u0414\u0430","callback_data":"yes"},{"text":"\u274c \u0418\u0441\u043f\u0440\u0430\u0432\u0438\u0442\u044c","callback_data":"edit"}],[{"text":"\ud83c\udfe0 \u0413\u043b\u0430\u0432\u043d\u0430\u044f","callback_data":"main"}]]}},"chat_instance":"1273348234730368330","data":"yes"}, message: null
2026-02-16T14:05:24+00:00 telegram_id: 910061391, chat_id: 910061391, username: sofya7876, text: ''
2026-02-16T14:05:24+00:00 FSM state: "confirm", data: {"command":"delay","history":[null,"wait_time","wait_reason"],"keyboard_message_id":7052,"delay_minutes":15,"reason":"jkljkljklkjjkljkljklkljjkljkl"}
2026-02-16T14:38:48+00:00 START execute
2026-02-16T14:38:48+00:00 callback: null, message: {"message_id":7099,"from":{"id":910061391,"is_bot":false,"first_name":"\u0421\u043e\u0444\u044c\u044f","username":"sofya7876","language_code":"ru","is_premium":true},"chat":{"id":910061391,"first_name":"\u0421\u043e\u0444\u044c\u044f","username":"sofya7876","type":"private"},"date":1771252728,"text":"\/delay","entities":[{"offset":0,"length":6,"type":"bot_command"}]}
2026-02-16T14:38:48+00:00 telegram_id: 910061391, chat_id: 910061391, username: sofya7876, text: ''
2026-02-16T14:38:48+00:00 FSM state: null, data: {"command":"delay"}
2026-02-16T14:38:48+00:00 default: show number_keyboard, message_id: 7099
2026-02-16T14:38:48+00:00, data: {"command":"delay","history":[null],"keyboard_message_id":7100}
2026-02-16T14:38:50+00:00 START execute
2026-02-16T14:38:50+00:00 callback: {"id":"3908683915159206426","from":{"id":910061391,"is_bot":false,"first_name":"\u0421\u043e\u0444\u044c\u044f","username":"sofya7876","language_code":"ru","is_premium":true},"message":{"message_id":7100,"from":{"id":8440407204,"is_bot":true,"first_name":"\u0414\u0435\u0436\u0443\u0440\u043d\u044b\u0439 \u0431\u043e\u0442","username":"peppers_dezhurniy_bot"},"chat":{"id":910061391,"first_name":"\u0421\u043e\u0444\u044c\u044f","username":"sofya7876","type":"private"},"date":1771252728,"text":"\u0423\u043a\u0430\u0436\u0438 \u043d\u0430 \u0441\u043a\u043e\u043b\u044c\u043a\u043e \u043c\u0438\u043d\u0443\u0442 \u0442\u044b \u043e\u043f\u0430\u0437\u0434\u044b\u0432\u0430\u0435\u0448\u044c:","reply_markup":{"inline_keyboard":[[{"text":"10","callback_data":"delay_10"},{"text":"15","callback_data":"delay_15"},{"text":"30","callback_data":"delay_30"}],[{"text":"\ud83c\udfe0 \u0413\u043b\u0430\u0432\u043d\u0430\u044f","callback_data":"main"}]]}},"chat_instance":"1273348234730368330","data":"delay_15"}, message: null
2026-02-16T14:38:50+00:00 telegram_id: 910061391, chat_id: 910061391, username: sofya7876, text: ''
2026-02-16T14:38:50+00:00 FSM state: "wait_time", data: {"command":"delay","history":[null],"keyboard_message_id":7100}
2026-02-16T14:38:50+00:00, data: {"command":"delay","history":[null],"keyboard_message_id":7100,"delay_minutes":15}
2026-02-16T14:38:55+00:00 START execute
2026-02-16T14:38:55+00:00 callback: null, message: {"message_id":7102,"from":{"id":910061391,"is_bot":false,"first_name":"\u0421\u043e\u0444\u044c\u044f","username":"sofya7876","language_code":"ru","is_premium":true},"chat":{"id":910061391,"first_name":"\u0421\u043e\u0444\u044c\u044f","username":"sofya7876","type":"private"},"date":1771252734,"text":"\u043e\u043b\u043f\u0434\u0430\u043e\u043b\u0430\u043f\u043e\u0430\u043b\u0434\u0432\u043e\u043f\u0434\u043b\u0430\u0432\u043e\u043f\u043b\u0434\u043e\u043f"}
2026-02-16T14:38:55+00:00 telegram_id: 910061391, chat_id: 910061391, username: sofya7876, text: 'олпдаолапоалдвопдлавоплдоп'
2026-02-16T14:38:55+00:00 FSM state: "wait_reason", data: {"command":"delay","history":[null,"wait_time"],"keyboard_message_id":7101,"delay_minutes":15}
2026-02-16T14:38:57+00:00 START execute
2026-02-16T14:38:57+00:00 callback: {"id":"3908683915150425039","from":{"id":910061391,"is_bot":false,"first_name":"\u0421\u043e\u0444\u044c\u044f","username":"sofya7876","language_code":"ru","is_premium":true},"message":{"message_id":7103,"from":{"id":8440407204,"is_bot":true,"first_name":"\u0414\u0435\u0436\u0443\u0440\u043d\u044b\u0439 \u0431\u043e\u0442","username":"peppers_dezhurniy_bot"},"chat":{"id":910061391,"first_name":"\u0421\u043e\u0444\u044c\u044f","username":"sofya7876","type":"private"},"date":1771252735,"text":"\u041f\u0440\u043e\u0432\u0435\u0440\u044c \u0438\u043d\u0444\u043e\u0440\u043c\u0430\u0446\u0438\u044e: \n\u041e\u043f\u043e\u0437\u0434\u0430\u043d\u0438\u0435: 15 \u043c\u0438\u043d\n\u041f\u0440\u0438\u0447\u0438\u043d\u0430: \u043e\u043b\u043f\u0434\u0430\u043e\u043b\u0430\u043f\u043e\u0430\u043b\u0434\u0432\u043e\u043f\u0434\u043b\u0430\u0432\u043e\u043f\u043b\u0434\u043e\u043f\n\u0412\u0441\u0435 \u0432\u0435\u0440\u043d\u043e? \u041d\u0430\u043f\u0438\u0448\u0438 '\u0414\u0430' \u0438\u043b\u0438 '\u0418\u0441\u043f\u0440\u0430\u0432\u0438\u0442\u044c'","reply_markup":{"inline_keyboard":[[{"text":"\u2705 \u0414\u0430","callback_data":"yes"},{"text":"\u274c \u0418\u0441\u043f\u0440\u0430\u0432\u0438\u0442\u044c","callback_data":"edit"}],[{"text":"\ud83c\udfe0 \u0413\u043b\u0430\u0432\u043d\u0430\u044f","callback_data":"main"}]]}},"chat_instance":"1273348234730368330","data":"yes"}, message: null
2026-02-16T14:38:57+00:00 telegram_id: 910061391, chat_id: 910061391, username: sofya7876, text: ''
2026-02-16T14:38:57+00:00 FSM state: "confirm", data: {"command":"delay","history":[null,"wait_time","wait_reason"],"keyboard_message_id":7103,"delay_minutes":15,"reason":"\u043e\u043b\u043f\u0434\u0430\u043e\u043b\u0430\u043f\u043e\u0430\u043b\u0434\u0432\u043e\u043f\u0434\u043b\u0430\u0432\u043e\u043f\u043b\u0434\u043e\u043f"}
2026-02-16T14:39:33+00:00 FSM state: "wait_text", data: {"command":"schedule","keyboard_message_id":7130,"schedule":"\u0434\u043b\u0430\u043f\u0432\u043e\u043b\u0434\u0430\u0432\u043e\u043f\u043b\u0434\u043e\u0430\u043f\u043b\u0434\u043e\u0430\u043f\u043b\u0434\u043e\u043f"}
2026-02-16T14:39:35+00:00 FSM state: "confirm", data: {"command":"schedule","keyboard_message_id":7134,"schedule":"\u0434\u043b\u0430\u043f\u0432\u043e\u043b\u0434\u0430\u0432\u043e\u043f\u043b\u0434\u043e\u0430\u043f\u043b\u0434\u043e\u0430\u043f\u043b\u0434\u043e\u043f"}
2026-02-17T19:33:22+00:00 START execute
2026-02-17T19:33:22+00:00 callback: null, message: {"message_id":7189,"from":{"id":8303743952,"is_bot":false,"first_name":"\u041e\u043b\u044c\u0433\u0430","last_name":"TigerSnail","username":"olga_tiger_snail","language_code":"ru"},"chat":{"id":8303743952,"first_name":"\u041e\u043b\u044c\u0433\u0430","last_name":"TigerSnail","username":"olga_tiger_snail","type":"private"},"date":1771356802,"text":"\/delay","entities":[{"offset":0,"length":6,"type":"bot_command"}]}
2026-02-17T19:33:22+00:00 telegram_id: 8303743952, chat_id: 8303743952, username: olga_tiger_snail, text: ''
2026-02-17T19:33:22+00:00 FSM state: null, data: {"command":"delay"}
2026-02-17T19:33:22+00:00 default: show number_keyboard, message_id: 7189
2026-02-17T19:33:23+00:00, data: {"command":"delay","history":[null],"keyboard_message_id":7190}
2026-02-17T19:36:36+00:00 FSM state: "wait_text", data: {"command":"schedule","keyboard_message_id":7195,"schedule":"\u041d\u0435 \u0441\u043c\u043e\u0433\u043b\u0430 \u0432 \u0434\u0438\u0441\u043a\u043e\u0440\u0434\u0435 \u0443\u0436\u0435 \u043f\u0440\u0435\u0434\u0443\u043f\u0440\u0435\u0434\u0438\u0442\u044c: \u0443\u0442\u0440\u043e\u043c \u0431\u0443\u0434\u0443 \u0443 \u0441\u0442\u043e\u043c\u0430\u0442\u043e\u043b\u043e\u0433\u0430, \u043f\u043e\u044f\u0432\u043b\u044e\u0441\u044c \u0432 \u0441\u0442\u0443\u0434\u0438\u0438 \u0432 \u0440\u0430\u0439\u043e\u043d\u0435 10.40-11.20"}
2026-02-17T19:36:43+00:00 FSM state: "confirm", data: {"command":"schedule","keyboard_message_id":7199,"schedule":"\u041d\u0435 \u0441\u043c\u043e\u0433\u043b\u0430 \u0432 \u0434\u0438\u0441\u043a\u043e\u0440\u0434\u0435 \u0443\u0436\u0435 \u043f\u0440\u0435\u0434\u0443\u043f\u0440\u0435\u0434\u0438\u0442\u044c: \u0443\u0442\u0440\u043e\u043c \u0431\u0443\u0434\u0443 \u0443 \u0441\u0442\u043e\u043c\u0430\u0442\u043e\u043b\u043e\u0433\u0430, \u043f\u043e\u044f\u0432\u043b\u044e\u0441\u044c \u0432 \u0441\u0442\u0443\u0434\u0438\u0438 \u0432 \u0440\u0430\u0439\u043e\u043d\u0435 10.40-11.20"}
2026-02-17T19:37:43+00:00 FSM state: "wait_text", data: {"command":"schedule","keyboard_message_id":7203,"schedule":"\u0412\u043b\u0430\u0434\u0443: \u0437\u0430\u0434\u0430\u0447\u0430 \u043f\u043e \u0418\u0420\u0418 \u0434\u043e\u043d\u0435\u0441\u0435\u043d\u0430 \u0434\u043e \u0410\u0440\u0442\u00eb\u043c\u0430, \u0438\u0441\u0442\u043e\u0440\u0438\u0438 \u0441\u0434\u0435\u043b\u0430\u044e \u0438 \u043f\u043e\u043f\u0440\u043e\u0448\u0443 \u0435\u0433\u043e \u0432\u043d\u0435\u0441\u0442\u0438 \u043b\u0438\u0431\u043e \u043f\u043e\u0437\u0436\u0435 \u0441\u0434\u0430\u043c \u0441\u0430\u043c\u0430"}
2026-02-17T19:37:48+00:00 FSM state: "confirm", data: {"command":"schedule","keyboard_message_id":7207,"schedule":"\u0412\u043b\u0430\u0434\u0443: \u0437\u0430\u0434\u0430\u0447\u0430 \u043f\u043e \u0418\u0420\u0418 \u0434\u043e\u043d\u0435\u0441\u0435\u043d\u0430 \u0434\u043e \u0410\u0440\u0442\u00eb\u043c\u0430, \u0438\u0441\u0442\u043e\u0440\u0438\u0438 \u0441\u0434\u0435\u043b\u0430\u044e \u0438 \u043f\u043e\u043f\u0440\u043e\u0448\u0443 \u0435\u0433\u043e \u0432\u043d\u0435\u0441\u0442\u0438 \u043b\u0438\u0431\u043e \u043f\u043e\u0437\u0436\u0435 \u0441\u0434\u0430\u043c \u0441\u0430\u043c\u0430"}
2026-02-19T06:04:16+00:00 FSM state: "wait_text", data: {"command":"schedule","keyboard_message_id":7221,"schedule":"https:\/\/docs.google.com\/spreadsheets\/d\/1TS0xo-_tXIdl7wGCDYYNLyL3WyRTEBPE9GxxYerpNBI\/edit?usp=drivesdk"}
2026-02-19T06:04:20+00:00 FSM state: "confirm", data: {"command":"schedule","keyboard_message_id":7223,"schedule":"https:\/\/docs.google.com\/spreadsheets\/d\/1TS0xo-_tXIdl7wGCDYYNLyL3WyRTEBPE9GxxYerpNBI\/edit?usp=drivesdk"}
2026-02-20T06:45:05+00:00 START execute
2026-02-20T06:45:05+00:00 callback: null, message: {"message_id":7226,"from":{"id":1274910654,"is_bot":false,"first_name":"Casey","username":"Ice6eam","language_code":"ru"},"chat":{"id":1274910654,"first_name":"Casey","username":"Ice6eam","type":"private"},"date":1771569904,"text":"\/delay","entities":[{"offset":0,"length":6,"type":"bot_command"}]}
2026-02-20T06:45:05+00:00 telegram_id: 1274910654, chat_id: 1274910654, username: Ice6eam, text: ''
2026-02-20T06:45:05+00:00 FSM state: null, data: {"command":"delay"}
2026-02-20T06:45:05+00:00 default: show number_keyboard, message_id: 7226
2026-02-20T06:45:05+00:00, data: {"command":"delay","history":[null],"keyboard_message_id":7227}
2026-02-20T06:45:14+00:00 START execute
2026-02-20T06:45:14+00:00 callback: {"id":"5475699568417864678","from":{"id":1274910654,"is_bot":false,"first_name":"Casey","username":"Ice6eam","language_code":"ru"},"message":{"message_id":7227,"from":{"id":8440407204,"is_bot":true,"first_name":"\u0414\u0435\u0436\u0443\u0440\u043d\u044b\u0439 \u0431\u043e\u0442","username":"peppers_dezhurniy_bot"},"chat":{"id":1274910654,"first_name":"Casey","username":"Ice6eam","type":"private"},"date":1771569905,"text":"\u0423\u043a\u0430\u0436\u0438 \u043d\u0430 \u0441\u043a\u043e\u043b\u044c\u043a\u043e \u043c\u0438\u043d\u0443\u0442 \u0442\u044b \u043e\u043f\u0430\u0437\u0434\u044b\u0432\u0430\u0435\u0448\u044c:","reply_markup":{"inline_keyboard":[[{"text":"10","callback_data":"delay_10"},{"text":"15","callback_data":"delay_15"},{"text":"30","callback_data":"delay_30"}],[{"text":"\ud83c\udfe0 \u0413\u043b\u0430\u0432\u043d\u0430\u044f","callback_data":"main"}]]}},"chat_instance":"-5270456383057360132","data":"delay_15"}, message: null
2026-02-20T06:45:14+00:00 telegram_id: 1274910654, chat_id: 1274910654, username: Ice6eam, text: ''
2026-02-20T06:45:14+00:00 FSM state: "wait_time", data: {"command":"delay","history":[null],"keyboard_message_id":7227}
2026-02-20T06:45:14+00:00, data: {"command":"delay","history":[null],"keyboard_message_id":7227,"delay_minutes":15}
2026-02-20T06:45:38+00:00 START execute
2026-02-20T06:45:38+00:00 callback: null, message: {"message_id":7229,"from":{"id":1274910654,"is_bot":false,"first_name":"Casey","username":"Ice6eam","language_code":"ru"},"chat":{"id":1274910654,"first_name":"Casey","username":"Ice6eam","type":"private"},"date":1771569938,"text":"\u0410\u0432\u0442\u043e\u0431\u0443\u0441 \u0441\u0438\u043b\u044c\u043d\u043e \u0437\u0430\u0434\u0435\u0440\u0436\u0438\u0432\u0430\u0435\u0442\u0441\u044f"}
2026-02-20T06:45:38+00:00 telegram_id: 1274910654, chat_id: 1274910654, username: Ice6eam, text: 'Автобус сильно задерживается'
2026-02-20T06:45:38+00:00 FSM state: "wait_reason", data: {"command":"delay","history":[null,"wait_time"],"keyboard_message_id":7228,"delay_minutes":15}
2026-02-20T06:46:00+00:00 START execute
2026-02-20T06:46:00+00:00 callback: {"id":"5475699568288203743","from":{"id":1274910654,"is_bot":false,"first_name":"Casey","username":"Ice6eam","language_code":"ru"},"message":{"message_id":7230,"from":{"id":8440407204,"is_bot":true,"first_name":"\u0414\u0435\u0436\u0443\u0440\u043d\u044b\u0439 \u0431\u043e\u0442","username":"peppers_dezhurniy_bot"},"chat":{"id":1274910654,"first_name":"Casey","username":"Ice6eam","type":"private"},"date":1771569939,"text":"\u041f\u0440\u043e\u0432\u0435\u0440\u044c \u0438\u043d\u0444\u043e\u0440\u043c\u0430\u0446\u0438\u044e: \n\u041e\u043f\u043e\u0437\u0434\u0430\u043d\u0438\u0435: 15 \u043c\u0438\u043d\n\u041f\u0440\u0438\u0447\u0438\u043d\u0430: \u0410\u0432\u0442\u043e\u0431\u0443\u0441 \u0441\u0438\u043b\u044c\u043d\u043e \u0437\u0430\u0434\u0435\u0440\u0436\u0438\u0432\u0430\u0435\u0442\u0441\u044f\n\u0412\u0441\u0435 \u0432\u0435\u0440\u043d\u043e? \u041d\u0430\u043f\u0438\u0448\u0438 '\u0414\u0430' \u0438\u043b\u0438 '\u0418\u0441\u043f\u0440\u0430\u0432\u0438\u0442\u044c'","reply_markup":{"inline_keyboard":[[{"text":"\u2705 \u0414\u0430","callback_data":"yes"},{"text":"\u274c \u0418\u0441\u043f\u0440\u0430\u0432\u0438\u0442\u044c","callback_data":"edit"}],[{"text":"\ud83c\udfe0 \u0413\u043b\u0430\u0432\u043d\u0430\u044f","callback_data":"main"}]]}},"chat_instance":"-5270456383057360132","data":"yes"}, message: null
2026-02-20T06:46:00+00:00 telegram_id: 1274910654, chat_id: 1274910654, username: Ice6eam, text: ''
2026-02-20T06:46:00+00:00 FSM state: "confirm", data: {"command":"delay","history":[null,"wait_time","wait_reason"],"keyboard_message_id":7230,"delay_minutes":15,"reason":"\u0410\u0432\u0442\u043e\u0431\u0443\u0441 \u0441\u0438\u043b\u044c\u043d\u043e \u0437\u0430\u0434\u0435\u0440\u0436\u0438\u0432\u0430\u0435\u0442\u0441\u044f"}
2026-02-20T07:08:05+00:00 START execute
2026-02-20T07:08:05+00:00 callback: null, message: {"message_id":7233,"from":{"id":333087159,"is_bot":false,"first_name":"\u0412\u043b\u0430\u0434\u0438\u043c\u0438\u0440","last_name":"\u0414\u043e\u043d\u043e\u0432","username":"tacnogir","language_code":"ru"},"chat":{"id":333087159,"first_name":"\u0412\u043b\u0430\u0434\u0438\u043c\u0438\u0440","last_name":"\u0414\u043e\u043d\u043e\u0432","username":"tacnogir","type":"private"},"date":1771571285,"text":"\/delay","entities":[{"offset":0,"length":6,"type":"bot_command"}]}
2026-02-20T07:08:05+00:00 telegram_id: 333087159, chat_id: 333087159, username: tacnogir, text: ''
2026-02-20T07:08:05+00:00 FSM state: null, data: {"command":"delay"}
2026-02-20T07:08:05+00:00 default: show number_keyboard, message_id: 7233
2026-02-20T07:08:06+00:00, data: {"command":"delay","history":[null],"keyboard_message_id":7234}
2026-02-20T07:08:43+00:00 START execute
2026-02-20T07:08:43+00:00 callback: {"id":"1430598458313186004","from":{"id":333087159,"is_bot":false,"first_name":"\u0412\u043b\u0430\u0434\u0438\u043c\u0438\u0440","last_name":"\u0414\u043e\u043d\u043e\u0432","username":"tacnogir","language_code":"ru"},"message":{"message_id":7234,"from":{"id":8440407204,"is_bot":true,"first_name":"\u0414\u0435\u0436\u0443\u0440\u043d\u044b\u0439 \u0431\u043e\u0442","username":"peppers_dezhurniy_bot"},"chat":{"id":333087159,"first_name":"\u0412\u043b\u0430\u0434\u0438\u043c\u0438\u0440","last_name":"\u0414\u043e\u043d\u043e\u0432","username":"tacnogir","type":"private"},"date":1771571286,"text":"\u0423\u043a\u0430\u0436\u0438 \u043d\u0430 \u0441\u043a\u043e\u043b\u044c\u043a\u043e \u043c\u0438\u043d\u0443\u0442 \u0442\u044b \u043e\u043f\u0430\u0437\u0434\u044b\u0432\u0430\u0435\u0448\u044c:","reply_markup":{"inline_keyboard":[[{"text":"10","callback_data":"delay_10"},{"text":"15","callback_data":"delay_15"},{"text":"30","callback_data":"delay_30"}],[{"text":"\ud83c\udfe0 \u0413\u043b\u0430\u0432\u043d\u0430\u044f","callback_data":"main"}]]}},"chat_instance":"-4030516818540582087","data":"delay_30"}, message: null
2026-02-20T07:08:43+00:00 telegram_id: 333087159, chat_id: 333087159, username: tacnogir, text: ''
2026-02-20T07:08:43+00:00 FSM state: "wait_time", data: {"command":"delay","history":[null],"keyboard_message_id":7234}
2026-02-20T07:08:43+00:00, data: {"command":"delay","history":[null],"keyboard_message_id":7234,"delay_minutes":30}
2026-02-20T07:09:37+00:00 START execute
2026-02-20T07:09:37+00:00 callback: null, message: {"message_id":7236,"from":{"id":333087159,"is_bot":false,"first_name":"\u0412\u043b\u0430\u0434\u0438\u043c\u0438\u0440","last_name":"\u0414\u043e\u043d\u043e\u0432","username":"tacnogir","language_code":"ru"},"chat":{"id":333087159,"first_name":"\u0412\u043b\u0430\u0434\u0438\u043c\u0438\u0440","last_name":"\u0414\u043e\u043d\u043e\u0432","username":"tacnogir","type":"private"},"date":1771571377,"text":"\u041f\u0440\u043e\u0431\u043a\u0430"}
2026-02-20T07:09:37+00:00 telegram_id: 333087159, chat_id: 333087159, username: tacnogir, text: 'Пробка'
2026-02-20T07:09:37+00:00 FSM state: "wait_reason", data: {"command":"delay","history":[null,"wait_time"],"keyboard_message_id":7235,"delay_minutes":30}
2026-02-20T07:09:40+00:00 START execute
2026-02-20T07:09:40+00:00 callback: {"id":"1430598457129401178","from":{"id":333087159,"is_bot":false,"first_name":"\u0412\u043b\u0430\u0434\u0438\u043c\u0438\u0440","last_name":"\u0414\u043e\u043d\u043e\u0432","username":"tacnogir","language_code":"ru"},"message":{"message_id":7237,"from":{"id":8440407204,"is_bot":true,"first_name":"\u0414\u0435\u0436\u0443\u0440\u043d\u044b\u0439 \u0431\u043e\u0442","username":"peppers_dezhurniy_bot"},"chat":{"id":333087159,"first_name":"\u0412\u043b\u0430\u0434\u0438\u043c\u0438\u0440","last_name":"\u0414\u043e\u043d\u043e\u0432","username":"tacnogir","type":"private"},"date":1771571378,"text":"\u041f\u0440\u043e\u0432\u0435\u0440\u044c \u0438\u043d\u0444\u043e\u0440\u043c\u0430\u0446\u0438\u044e: \n\u041e\u043f\u043e\u0437\u0434\u0430\u043d\u0438\u0435: 30 \u043c\u0438\u043d\n\u041f\u0440\u0438\u0447\u0438\u043d\u0430: \u041f\u0440\u043e\u0431\u043a\u0430\n\u0412\u0441\u0435 \u0432\u0435\u0440\u043d\u043e? \u041d\u0430\u043f\u0438\u0448\u0438 '\u0414\u0430' \u0438\u043b\u0438 '\u0418\u0441\u043f\u0440\u0430\u0432\u0438\u0442\u044c'","reply_markup":{"inline_keyboard":[[{"text":"\u2705 \u0414\u0430","callback_data":"yes"},{"text":"\u274c \u0418\u0441\u043f\u0440\u0430\u0432\u0438\u0442\u044c","callback_data":"edit"}],[{"text":"\ud83c\udfe0 \u0413\u043b\u0430\u0432\u043d\u0430\u044f","callback_data":"main"}]]}},"chat_instance":"-4030516818540582087","data":"yes"}, message: null
2026-02-20T07:09:40+00:00 telegram_id: 333087159, chat_id: 333087159, username: tacnogir, text: ''
2026-02-20T07:09:40+00:00 FSM state: "confirm", data: {"command":"delay","history":[null,"wait_time","wait_reason"],"keyboard_message_id":7237,"delay_minutes":30,"reason":"\u041f\u0440\u043e\u0431\u043a\u0430"}
2026-02-25T06:45:10+00:00 START execute
2026-02-25T06:45:10+00:00 callback: null, message: {"message_id":7273,"from":{"id":7884024248,"is_bot":false,"first_name":"\u041c\u0430\u0442\u0432\u0435\u0439","last_name":"\u0411\u043e\u043d\u0434\u0430\u0440\u0435\u043d\u043a\u043e","username":"web_viper","language_code":"ru"},"chat":{"id":7884024248,"first_name":"\u041c\u0430\u0442\u0432\u0435\u0439","last_name":"\u0411\u043e\u043d\u0434\u0430\u0440\u0435\u043d\u043a\u043e","username":"web_viper","type":"private"},"date":1772001910,"text":"\/delay","entities":[{"offset":0,"length":6,"type":"bot_command"}]}
2026-02-25T06:45:10+00:00 telegram_id: 7884024248, chat_id: 7884024248, username: web_viper, text: ''
2026-02-25T06:45:10+00:00 FSM state: null, data: {"custom_name":"\u041c\u0430\u0442\u0432\u0435\u0439 \u0411\u043e\u043d\u0434\u0430\u0440\u0435\u043d\u043a\u043e","command":"delay"}
2026-02-25T06:45:10+00:00 default: show number_keyboard, message_id: 7273
2026-02-25T06:45:10+00:00, data: {"custom_name":"\u041c\u0430\u0442\u0432\u0435\u0439 \u0411\u043e\u043d\u0434\u0430\u0440\u0435\u043d\u043a\u043e","command":"delay","history":[null],"keyboard_message_id":7274}
2026-02-25T06:45:16+00:00 START execute
2026-02-25T06:45:16+00:00 callback: {"id":"6191510196975947818","from":{"id":7884024248,"is_bot":false,"first_name":"\u041c\u0430\u0442\u0432\u0435\u0439","last_name":"\u0411\u043e\u043d\u0434\u0430\u0440\u0435\u043d\u043a\u043e","username":"web_viper","language_code":"ru"},"message":{"message_id":7274,"from":{"id":8440407204,"is_bot":true,"first_name":"\u0414\u0435\u0436\u0443\u0440\u043d\u044b\u0439 \u0431\u043e\u0442","username":"peppers_dezhurniy_bot"},"chat":{"id":7884024248,"first_name":"\u041c\u0430\u0442\u0432\u0435\u0439","last_name":"\u0411\u043e\u043d\u0434\u0430\u0440\u0435\u043d\u043a\u043e","username":"web_viper","type":"private"},"date":1772001910,"text":"\u0423\u043a\u0430\u0436\u0438 \u043d\u0430 \u0441\u043a\u043e\u043b\u044c\u043a\u043e \u043c\u0438\u043d\u0443\u0442 \u0442\u044b \u043e\u043f\u0430\u0437\u0434\u044b\u0432\u0430\u0435\u0448\u044c:","reply_markup":{"inline_keyboard":[[{"text":"10","callback_data":"delay_10"},{"text":"15","callback_data":"delay_15"},{"text":"30","callback_data":"delay_30"}],[{"text":"\ud83c\udfe0 \u0413\u043b\u0430\u0432\u043d\u0430\u044f","callback_data":"main"}]]}},"chat_instance":"-1239881853868069590","data":"delay_15"}, message: null
2026-02-25T06:45:16+00:00 telegram_id: 7884024248, chat_id: 7884024248, username: web_viper, text: ''
2026-02-25T06:45:16+00:00 FSM state: "wait_time", data: {"custom_name":"\u041c\u0430\u0442\u0432\u0435\u0439 \u0411\u043e\u043d\u0434\u0430\u0440\u0435\u043d\u043a\u043e","command":"delay","history":[null],"keyboard_message_id":7274}
2026-02-25T06:45:16+00:00, data: {"custom_name":"\u041c\u0430\u0442\u0432\u0435\u0439 \u0411\u043e\u043d\u0434\u0430\u0440\u0435\u043d\u043a\u043e","command":"delay","history":[null],"keyboard_message_id":7274,"delay_minutes":15}
2026-02-25T06:45:28+00:00 START execute
2026-02-25T06:45:28+00:00 callback: null, message: {"message_id":7276,"from":{"id":7884024248,"is_bot":false,"first_name":"\u041c\u0430\u0442\u0432\u0435\u0439","last_name":"\u0411\u043e\u043d\u0434\u0430\u0440\u0435\u043d\u043a\u043e","username":"web_viper","language_code":"ru"},"chat":{"id":7884024248,"first_name":"\u041c\u0430\u0442\u0432\u0435\u0439","last_name":"\u0411\u043e\u043d\u0434\u0430\u0440\u0435\u043d\u043a\u043e","username":"web_viper","type":"private"},"date":1772001928,"text":"\u041f\u0440\u043e\u0431\u043a\u0430 \u043d\u0430 \u043c\u043e\u0441\u043a\u043e\u0432\u0441\u043a\u043e\u043c, \u0432\u0438\u0434\u0438\u043c\u043e \u0441\u043d\u0435\u0433\u043e\u043f\u0430\u0434"}
2026-02-25T06:45:28+00:00 telegram_id: 7884024248, chat_id: 7884024248, username: web_viper, text: 'Пробка на московском, видимо снегопад'
2026-02-25T06:45:28+00:00 FSM state: "wait_reason", data: {"custom_name":"\u041c\u0430\u0442\u0432\u0435\u0439 \u0411\u043e\u043d\u0434\u0430\u0440\u0435\u043d\u043a\u043e","command":"delay","history":[null,"wait_time"],"keyboard_message_id":7275,"delay_minutes":15}
2026-02-25T06:45:39+00:00 START execute
2026-02-25T06:45:39+00:00 callback: {"id":"6191510196651653106","from":{"id":7884024248,"is_bot":false,"first_name":"\u041c\u0430\u0442\u0432\u0435\u0439","last_name":"\u0411\u043e\u043d\u0434\u0430\u0440\u0435\u043d\u043a\u043e","username":"web_viper","language_code":"ru"},"message":{"message_id":7277,"from":{"id":8440407204,"is_bot":true,"first_name":"\u0414\u0435\u0436\u0443\u0440\u043d\u044b\u0439 \u0431\u043e\u0442","username":"peppers_dezhurniy_bot"},"chat":{"id":7884024248,"first_name":"\u041c\u0430\u0442\u0432\u0435\u0439","last_name":"\u0411\u043e\u043d\u0434\u0430\u0440\u0435\u043d\u043a\u043e","username":"web_viper","type":"private"},"date":1772001929,"text":"\u041f\u0440\u043e\u0432\u0435\u0440\u044c \u0438\u043d\u0444\u043e\u0440\u043c\u0430\u0446\u0438\u044e: \n\u041e\u043f\u043e\u0437\u0434\u0430\u043d\u0438\u0435: 15 \u043c\u0438\u043d\n\u041f\u0440\u0438\u0447\u0438\u043d\u0430: \u041f\u0440\u043e\u0431\u043a\u0430 \u043d\u0430 \u043c\u043e\u0441\u043a\u043e\u0432\u0441\u043a\u043e\u043c, \u0432\u0438\u0434\u0438\u043c\u043e \u0441\u043d\u0435\u0433\u043e\u043f\u0430\u0434\n\u0412\u0441\u0435 \u0432\u0435\u0440\u043d\u043e? \u041d\u0430\u043f\u0438\u0448\u0438 '\u0414\u0430' \u0438\u043b\u0438 '\u0418\u0441\u043f\u0440\u0430\u0432\u0438\u0442\u044c'","reply_markup":{"inline_keyboard":[[{"text":"\u2705 \u0414\u0430","callback_data":"yes"},{"text":"\u274c \u0418\u0441\u043f\u0440\u0430\u0432\u0438\u0442\u044c","callback_data":"edit"}],[{"text":"\ud83c\udfe0 \u0413\u043b\u0430\u0432\u043d\u0430\u044f","callback_data":"main"}]]}},"chat_instance":"-1239881853868069590","data":"yes"}, message: null
2026-02-25T06:45:39+00:00 telegram_id: 7884024248, chat_id: 7884024248, username: web_viper, text: ''
2026-02-25T06:45:39+00:00 FSM state: "confirm", data: {"custom_name":"\u041c\u0430\u0442\u0432\u0435\u0439 \u0411\u043e\u043d\u0434\u0430\u0440\u0435\u043d\u043a\u043e","command":"delay","history":[null,"wait_time","wait_reason"],"keyboard_message_id":7277,"delay_minutes":15,"reason":"\u041f\u0440\u043e\u0431\u043a\u0430 \u043d\u0430 \u043c\u043e\u0441\u043a\u043e\u0432\u0441\u043a\u043e\u043c, \u0432\u0438\u0434\u0438\u043c\u043e \u0441\u043d\u0435\u0433\u043e\u043f\u0430\u0434"}
2026-02-25T12:28:17+00:00 FSM state: "wait_text", data: {"custom_name":"\u0415\u043a\u0430\u0442\u0435\u0440\u0438\u043d\u0430 \u041a\u043e\u043f\u0451\u043d\u043a\u0438\u043d\u0430","command":"schedule","keyboard_message_id":7286,"schedule":"27.02.26: 10:30 - 19:00"}
2026-02-25T12:28:31+00:00 FSM state: "confirm", data: {"custom_name":"\u0415\u043a\u0430\u0442\u0435\u0440\u0438\u043d\u0430 \u041a\u043e\u043f\u0451\u043d\u043a\u0438\u043d\u0430","command":"schedule","keyboard_message_id":7288,"schedule":"27.02.26: 10:30 - 19:00"}
2026-03-02T07:22:26+00:00 START execute
2026-03-02T07:22:26+00:00 callback: null, message: {"message_id":7313,"from":{"id":740051622,"is_bot":false,"first_name":"m\u00e5k\u015fim .\u1ebdthr\u00e7","username":"rirxzz","language_code":"ru","is_premium":true},"chat":{"id":740051622,"first_name":"m\u00e5k\u015fim .\u1ebdthr\u00e7","username":"rirxzz","type":"private"},"date":1772436146,"text":"\/delay","entities":[{"offset":0,"length":6,"type":"bot_command"}]}
2026-03-02T07:22:26+00:00 telegram_id: 740051622, chat_id: 740051622, username: rirxzz, text: ''
2026-03-02T07:22:26+00:00 FSM state: null, data: {"command":"delay"}
2026-03-02T07:22:26+00:00 default: show number_keyboard, message_id: 7313
2026-03-02T07:22:27+00:00, data: {"command":"delay","history":[null],"keyboard_message_id":7314}
2026-03-02T07:22:32+00:00 START execute
2026-03-02T07:22:32+00:00 callback: {"id":"3178497517335287791","from":{"id":740051622,"is_bot":false,"first_name":"m\u00e5k\u015fim .\u1ebdthr\u00e7","username":"rirxzz","language_code":"ru","is_premium":true},"message":{"message_id":7314,"from":{"id":8440407204,"is_bot":true,"first_name":"\u0414\u0435\u0436\u0443\u0440\u043d\u044b\u0439 \u0431\u043e\u0442","username":"peppers_dezhurniy_bot"},"chat":{"id":740051622,"first_name":"m\u00e5k\u015fim .\u1ebdthr\u00e7","username":"rirxzz","type":"private"},"date":1772436147,"text":"\u0423\u043a\u0430\u0436\u0438 \u043d\u0430 \u0441\u043a\u043e\u043b\u044c\u043a\u043e \u043c\u0438\u043d\u0443\u0442 \u0442\u044b \u043e\u043f\u0430\u0437\u0434\u044b\u0432\u0430\u0435\u0448\u044c:","reply_markup":{"inline_keyboard":[[{"text":"10","callback_data":"delay_10"},{"text":"15","callback_data":"delay_15"},{"text":"30","callback_data":"delay_30"}],[{"text":"\ud83c\udfe0 \u0413\u043b\u0430\u0432\u043d\u0430\u044f","callback_data":"main"}]]}},"chat_instance":"-1519099154633791698","data":"delay_30"}, message: null
2026-03-02T07:22:32+00:00 telegram_id: 740051622, chat_id: 740051622, username: rirxzz, text: ''
2026-03-02T07:22:32+00:00 FSM state: "wait_time", data: {"command":"delay","history":[null],"keyboard_message_id":7314}
2026-03-02T07:22:32+00:00, data: {"command":"delay","history":[null],"keyboard_message_id":7314,"delay_minutes":30}
2026-03-02T07:22:51+00:00 START execute
2026-03-02T07:22:51+00:00 callback: null, message: {"message_id":7316,"from":{"id":740051622,"is_bot":false,"first_name":"m\u00e5k\u015fim .\u1ebdthr\u00e7","username":"rirxzz","language_code":"ru","is_premium":true},"chat":{"id":740051622,"first_name":"m\u00e5k\u015fim .\u1ebdthr\u00e7","username":"rirxzz","type":"private"},"date":1772436171,"text":"\u0411\u044b\u043b\u043e \u043f\u043b\u043e\u0445\u043e \u043d\u043e\u0447\u044c\u044e"}
2026-03-02T07:22:51+00:00 telegram_id: 740051622, chat_id: 740051622, username: rirxzz, text: 'Было плохо ночью'
2026-03-02T07:22:51+00:00 FSM state: "wait_reason", data: {"command":"delay","history":[null,"wait_time"],"keyboard_message_id":7315,"delay_minutes":30}
2026-03-02T07:22:59+00:00 START execute
2026-03-02T07:22:59+00:00 callback: {"id":"3178497516831618793","from":{"id":740051622,"is_bot":false,"first_name":"m\u00e5k\u015fim .\u1ebdthr\u00e7","username":"rirxzz","language_code":"ru","is_premium":true},"message":{"message_id":7317,"from":{"id":8440407204,"is_bot":true,"first_name":"\u0414\u0435\u0436\u0443\u0440\u043d\u044b\u0439 \u0431\u043e\u0442","username":"peppers_dezhurniy_bot"},"chat":{"id":740051622,"first_name":"m\u00e5k\u015fim .\u1ebdthr\u00e7","username":"rirxzz","type":"private"},"date":1772436172,"text":"\u041f\u0440\u043e\u0432\u0435\u0440\u044c \u0438\u043d\u0444\u043e\u0440\u043c\u0430\u0446\u0438\u044e: \n\u041e\u043f\u043e\u0437\u0434\u0430\u043d\u0438\u0435: 30 \u043c\u0438\u043d\n\u041f\u0440\u0438\u0447\u0438\u043d\u0430: \u0411\u044b\u043b\u043e \u043f\u043b\u043e\u0445\u043e \u043d\u043e\u0447\u044c\u044e\n\u0412\u0441\u0435 \u0432\u0435\u0440\u043d\u043e? \u041d\u0430\u043f\u0438\u0448\u0438 '\u0414\u0430' \u0438\u043b\u0438 '\u0418\u0441\u043f\u0440\u0430\u0432\u0438\u0442\u044c'","reply_markup":{"inline_keyboard":[[{"text":"\u2705 \u0414\u0430","callback_data":"yes"},{"text":"\u274c \u0418\u0441\u043f\u0440\u0430\u0432\u0438\u0442\u044c","callback_data":"edit"}],[{"text":"\ud83c\udfe0 \u0413\u043b\u0430\u0432\u043d\u0430\u044f","callback_data":"main"}]]}},"chat_instance":"-1519099154633791698","data":"yes"}, message: null
2026-03-02T07:22:59+00:00 telegram_id: 740051622, chat_id: 740051622, username: rirxzz, text: ''
2026-03-02T07:22:59+00:00 FSM state: "confirm", data: {"command":"delay","history":[null,"wait_time","wait_reason"],"keyboard_message_id":7317,"delay_minutes":30,"reason":"\u0411\u044b\u043b\u043e \u043f\u043b\u043e\u0445\u043e \u043d\u043e\u0447\u044c\u044e"}
2026-03-03T05:32:24+00:00 START execute
2026-03-03T05:32:24+00:00 callback: null, message: {"message_id":7320,"from":{"id":8303743952,"is_bot":false,"first_name":"\u041e\u043b\u044c\u0433\u0430","last_name":"TigerSnail","username":"olga_tiger_snail","language_code":"ru"},"chat":{"id":8303743952,"first_name":"\u041e\u043b\u044c\u0433\u0430","last_name":"TigerSnail","username":"olga_tiger_snail","type":"private"},"date":1772515943,"text":"\/delay","entities":[{"offset":0,"length":6,"type":"bot_command"}]}
2026-03-03T05:32:24+00:00 telegram_id: 8303743952, chat_id: 8303743952, username: olga_tiger_snail, text: ''
2026-03-03T05:32:24+00:00 FSM state: null, data: {"command":"delay"}
2026-03-03T05:32:24+00:00 default: show number_keyboard, message_id: 7320
2026-03-03T05:32:24+00:00, data: {"command":"delay","history":[null],"keyboard_message_id":7321}
2026-03-03T05:32:37+00:00 START execute
2026-03-03T05:32:37+00:00 callback: null, message: {"message_id":7323,"from":{"id":8303743952,"is_bot":false,"first_name":"\u041e\u043b\u044c\u0433\u0430","last_name":"TigerSnail","username":"olga_tiger_snail","language_code":"ru"},"chat":{"id":8303743952,"first_name":"\u041e\u043b\u044c\u0433\u0430","last_name":"TigerSnail","username":"olga_tiger_snail","type":"private"},"date":1772515956,"text":"\/delay","entities":[{"offset":0,"length":6,"type":"bot_command"}]}
2026-03-03T05:32:37+00:00 telegram_id: 8303743952, chat_id: 8303743952, username: olga_tiger_snail, text: ''
2026-03-03T05:32:37+00:00 FSM state: null, data: {"command":"delay"}
2026-03-03T05:32:37+00:00 default: show number_keyboard, message_id: 7323
2026-03-03T05:32:38+00:00, data: {"command":"delay","history":[null],"keyboard_message_id":7324}
2026-03-03T05:32:38+00:00 START execute
2026-03-03T05:32:38+00:00 callback: {"id":"7994192601650333292","from":{"id":8303743952,"is_bot":false,"first_name":"\u041e\u043b\u044c\u0433\u0430","last_name":"TigerSnail","username":"olga_tiger_snail","language_code":"ru"},"message":{"message_id":7321,"from":{"id":8440407204,"is_bot":true,"first_name":"\u0414\u0435\u0436\u0443\u0440\u043d\u044b\u0439 \u0431\u043e\u0442","username":"peppers_dezhurniy_bot"},"chat":{"id":8303743952,"first_name":"\u041e\u043b\u044c\u0433\u0430","last_name":"TigerSnail","username":"olga_tiger_snail","type":"private"},"date":1772515944,"text":"\u0423\u043a\u0430\u0436\u0438 \u043d\u0430 \u0441\u043a\u043e\u043b\u044c\u043a\u043e \u043c\u0438\u043d\u0443\u0442 \u0442\u044b \u043e\u043f\u0430\u0437\u0434\u044b\u0432\u0430\u0435\u0448\u044c:","reply_markup":{"inline_keyboard":[[{"text":"10","callback_data":"delay_10"},{"text":"15","callback_data":"delay_15"},{"text":"30","callback_data":"delay_30"}],[{"text":"\ud83c\udfe0 \u0413\u043b\u0430\u0432\u043d\u0430\u044f","callback_data":"main"}]]}},"chat_instance":"-4218104042316260930","data":"delay_30"}, message: null
2026-03-03T05:32:38+00:00 telegram_id: 8303743952, chat_id: 8303743952, username: olga_tiger_snail, text: ''
2026-03-03T05:32:38+00:00 FSM state: "wait_time", data: {"command":"delay","history":[null],"keyboard_message_id":7324}
2026-03-03T05:32:38+00:00, data: {"command":"delay","history":[null],"keyboard_message_id":7324,"delay_minutes":30}
2026-03-03T05:33:26+00:00 START execute
2026-03-03T05:33:26+00:00 callback: null, message: {"message_id":7326,"from":{"id":8303743952,"is_bot":false,"first_name":"\u041e\u043b\u044c\u0433\u0430","last_name":"TigerSnail","username":"olga_tiger_snail","language_code":"ru"},"chat":{"id":8303743952,"first_name":"\u041e\u043b\u044c\u0433\u0430","last_name":"TigerSnail","username":"olga_tiger_snail","type":"private"},"date":1772516006,"text":"\u041e\u043f\u043e\u0437\u0434\u0430\u043d\u0438\u0435 \u043d\u0430 ? \u041c\u0438\u043d\u0443\u0442. \u0421 \u0414\u0438\u043c\u043e\u0439 \u0412. \u0432\u0441\u0442\u0440\u044f\u043b\u0438, \u043f\u0435\u0440\u0435\u0433\u043e\u0440\u043e\u0434\u0438\u0432 \u043f\u0440\u043e\u0435\u0437\u0434"}
2026-03-03T05:33:26+00:00 telegram_id: 8303743952, chat_id: 8303743952, username: olga_tiger_snail, text: 'Опоздание на ? Минут. С Димой В. встряли, перегородив проезд'
2026-03-03T05:33:26+00:00 FSM state: "wait_reason", data: {"command":"delay","history":[null,"wait_time"],"keyboard_message_id":7325,"delay_minutes":30}
2026-03-03T05:33:34+00:00 START execute
2026-03-03T05:33:34+00:00 callback: {"id":"7994192599285540764","from":{"id":8303743952,"is_bot":false,"first_name":"\u041e\u043b\u044c\u0433\u0430","last_name":"TigerSnail","username":"olga_tiger_snail","language_code":"ru"},"message":{"message_id":7327,"from":{"id":8440407204,"is_bot":true,"first_name":"\u0414\u0435\u0436\u0443\u0440\u043d\u044b\u0439 \u0431\u043e\u0442","username":"peppers_dezhurniy_bot"},"chat":{"id":8303743952,"first_name":"\u041e\u043b\u044c\u0433\u0430","last_name":"TigerSnail","username":"olga_tiger_snail","type":"private"},"date":1772516007,"text":"\u041f\u0440\u043e\u0432\u0435\u0440\u044c \u0438\u043d\u0444\u043e\u0440\u043c\u0430\u0446\u0438\u044e: \n\u041e\u043f\u043e\u0437\u0434\u0430\u043d\u0438\u0435: 30 \u043c\u0438\u043d\n\u041f\u0440\u0438\u0447\u0438\u043d\u0430: \u041e\u043f\u043e\u0437\u0434\u0430\u043d\u0438\u0435 \u043d\u0430 ? \u041c\u0438\u043d\u0443\u0442. \u0421 \u0414\u0438\u043c\u043e\u0439 \u0412. \u0432\u0441\u0442\u0440\u044f\u043b\u0438, \u043f\u0435\u0440\u0435\u0433\u043e\u0440\u043e\u0434\u0438\u0432 \u043f\u0440\u043e\u0435\u0437\u0434\n\u0412\u0441\u0435 \u0432\u0435\u0440\u043d\u043e? \u041d\u0430\u043f\u0438\u0448\u0438 '\u0414\u0430' \u0438\u043b\u0438 '\u0418\u0441\u043f\u0440\u0430\u0432\u0438\u0442\u044c'","reply_markup":{"inline_keyboard":[[{"text":"\u2705 \u0414\u0430","callback_data":"yes"},{"text":"\u274c \u0418\u0441\u043f\u0440\u0430\u0432\u0438\u0442\u044c","callback_data":"edit"}],[{"text":"\ud83c\udfe0 \u0413\u043b\u0430\u0432\u043d\u0430\u044f","callback_data":"main"}]]}},"chat_instance":"-4218104042316260930","data":"edit"}, message: null
2026-03-03T05:33:34+00:00 telegram_id: 8303743952, chat_id: 8303743952, username: olga_tiger_snail, text: ''
2026-03-03T05:33:34+00:00 FSM state: "confirm", data: {"command":"delay","history":[null,"wait_time","wait_reason"],"keyboard_message_id":7327,"delay_minutes":30,"reason":"\u041e\u043f\u043e\u0437\u0434\u0430\u043d\u0438\u0435 \u043d\u0430 ? \u041c\u0438\u043d\u0443\u0442. \u0421 \u0414\u0438\u043c\u043e\u0439 \u0412. \u0432\u0441\u0442\u0440\u044f\u043b\u0438, \u043f\u0435\u0440\u0435\u0433\u043e\u0440\u043e\u0434\u0438\u0432 \u043f\u0440\u043e\u0435\u0437\u0434"}
2026-03-03T05:33:39+00:00 START execute
2026-03-03T05:33:39+00:00 callback: {"id":"7994192601023423965","from":{"id":8303743952,"is_bot":false,"first_name":"\u041e\u043b\u044c\u0433\u0430","last_name":"TigerSnail","username":"olga_tiger_snail","language_code":"ru"},"message":{"message_id":7328,"from":{"id":8440407204,"is_bot":true,"first_name":"\u0414\u0435\u0436\u0443\u0440\u043d\u044b\u0439 \u0431\u043e\u0442","username":"peppers_dezhurniy_bot"},"chat":{"id":8303743952,"first_name":"\u041e\u043b\u044c\u0433\u0430","last_name":"TigerSnail","username":"olga_tiger_snail","type":"private"},"date":1772516015,"text":"\u041d\u0430\u0447\u043d\u0435\u043c \u0437\u0430\u043d\u043e\u0432\u043e. \u0423\u043a\u0430\u0436\u0438 \u043d\u0430 \u0441\u043a\u043e\u043b\u044c\u043a\u043e \u043c\u0438\u043d\u0443\u0442 \u0442\u044b \u043e\u043f\u0430\u0437\u0434\u044b\u0432\u0430\u0435\u0448\u044c:","reply_markup":{"inline_keyboard":[[{"text":"10","callback_data":"delay_10"},{"text":"15","callback_data":"delay_15"},{"text":"30","callback_data":"delay_30"}],[{"text":"\ud83c\udfe0 \u0413\u043b\u0430\u0432\u043d\u0430\u044f","callback_data":"main"}]]}},"chat_instance":"-4218104042316260930","data":"delay_30"}, message: null
2026-03-03T05:33:39+00:00 telegram_id: 8303743952, chat_id: 8303743952, username: olga_tiger_snail, text: ''
2026-03-03T05:33:39+00:00 FSM state: "wait_time", data: {"command":"delay","history":[null,"wait_time","wait_reason"],"keyboard_message_id":7328,"delay_minutes":30,"reason":"\u041e\u043f\u043e\u0437\u0434\u0430\u043d\u0438\u0435 \u043d\u0430 ? \u041c\u0438\u043d\u0443\u0442. \u0421 \u0414\u0438\u043c\u043e\u0439 \u0412. \u0432\u0441\u0442\u0440\u044f\u043b\u0438, \u043f\u0435\u0440\u0435\u0433\u043e\u0440\u043e\u0434\u0438\u0432 \u043f\u0440\u043e\u0435\u0437\u0434"}
2026-03-03T05:33:39+00:00, data: {"command":"delay","history":[null,"wait_time","wait_reason"],"keyboard_message_id":7328,"delay_minutes":30,"reason":"\u041e\u043f\u043e\u0437\u0434\u0430\u043d\u0438\u0435 \u043d\u0430 ? \u041c\u0438\u043d\u0443\u0442. \u0421 \u0414\u0438\u043c\u043e\u0439 \u0412. \u0432\u0441\u0442\u0440\u044f\u043b\u0438, \u043f\u0435\u0440\u0435\u0433\u043e\u0440\u043e\u0434\u0438\u0432 \u043f\u0440\u043e\u0435\u0437\u0434"}
2026-03-03T05:33:59+00:00 START execute
2026-03-03T05:33:59+00:00 callback: null, message: {"message_id":7330,"from":{"id":8303743952,"is_bot":false,"first_name":"\u041e\u043b\u044c\u0433\u0430","last_name":"TigerSnail","username":"olga_tiger_snail","language_code":"ru"},"chat":{"id":8303743952,"first_name":"\u041e\u043b\u044c\u0433\u0430","last_name":"TigerSnail","username":"olga_tiger_snail","type":"private"},"date":1772516039,"text":"\u041e\u043f\u043e\u0437\u0434\u0430\u043d\u0438\u0435 \u043d\u0430 ? \u043c\u0438\u043d. \u0421 \u0414\u0438\u043c\u043e\u0439 \u0412. \u0432\u0441\u0442\u0440\u044f\u043b\u0438, \u043f\u0435\u0440\u0435\u0433\u043e\u0440\u043e\u0434\u0438\u0432 \u043f\u0440\u043e\u0435\u0437\u0434"}
2026-03-03T05:33:59+00:00 telegram_id: 8303743952, chat_id: 8303743952, username: olga_tiger_snail, text: 'Опоздание на ? мин. С Димой В. встряли, перегородив проезд'
2026-03-03T05:33:59+00:00 FSM state: "wait_reason", data: {"command":"delay","history":[null,"wait_time","wait_reason","wait_time"],"keyboard_message_id":7329,"delay_minutes":30,"reason":"\u041e\u043f\u043e\u0437\u0434\u0430\u043d\u0438\u0435 \u043d\u0430 ? \u041c\u0438\u043d\u0443\u0442. \u0421 \u0414\u0438\u043c\u043e\u0439 \u0412. \u0432\u0441\u0442\u0440\u044f\u043b\u0438, \u043f\u0435\u0440\u0435\u0433\u043e\u0440\u043e\u0434\u0438\u0432 \u043f\u0440\u043e\u0435\u0437\u0434"}
2026-03-03T05:34:03+00:00 START execute
2026-03-03T05:34:03+00:00 callback: {"id":"7994192599037461478","from":{"id":8303743952,"is_bot":false,"first_name":"\u041e\u043b\u044c\u0433\u0430","last_name":"TigerSnail","username":"olga_tiger_snail","language_code":"ru"},"message":{"message_id":7331,"from":{"id":8440407204,"is_bot":true,"first_name":"\u0414\u0435\u0436\u0443\u0440\u043d\u044b\u0439 \u0431\u043e\u0442","username":"peppers_dezhurniy_bot"},"chat":{"id":8303743952,"first_name":"\u041e\u043b\u044c\u0433\u0430","last_name":"TigerSnail","username":"olga_tiger_snail","type":"private"},"date":1772516040,"text":"\u041f\u0440\u043e\u0432\u0435\u0440\u044c \u0438\u043d\u0444\u043e\u0440\u043c\u0430\u0446\u0438\u044e: \n\u041e\u043f\u043e\u0437\u0434\u0430\u043d\u0438\u0435: 30 \u043c\u0438\u043d\n\u041f\u0440\u0438\u0447\u0438\u043d\u0430: \u041e\u043f\u043e\u0437\u0434\u0430\u043d\u0438\u0435 \u043d\u0430 ? \u043c\u0438\u043d. \u0421 \u0414\u0438\u043c\u043e\u0439 \u0412. \u0432\u0441\u0442\u0440\u044f\u043b\u0438, \u043f\u0435\u0440\u0435\u0433\u043e\u0440\u043e\u0434\u0438\u0432 \u043f\u0440\u043e\u0435\u0437\u0434\n\u0412\u0441\u0435 \u0432\u0435\u0440\u043d\u043e? \u041d\u0430\u043f\u0438\u0448\u0438 '\u0414\u0430' \u0438\u043b\u0438 '\u0418\u0441\u043f\u0440\u0430\u0432\u0438\u0442\u044c'","reply_markup":{"inline_keyboard":[[{"text":"\u2705 \u0414\u0430","callback_data":"yes"},{"text":"\u274c \u0418\u0441\u043f\u0440\u0430\u0432\u0438\u0442\u044c","callback_data":"edit"}],[{"text":"\ud83c\udfe0 \u0413\u043b\u0430\u0432\u043d\u0430\u044f","callback_data":"main"}]]}},"chat_instance":"-4218104042316260930","data":"yes"}, message: null
2026-03-03T05:34:03+00:00 telegram_id: 8303743952, chat_id: 8303743952, username: olga_tiger_snail, text: ''
2026-03-03T05:34:03+00:00 FSM state: "confirm", data: {"command":"delay","history":[null,"wait_time","wait_reason","wait_time","wait_reason"],"keyboard_message_id":7331,"delay_minutes":30,"reason":"\u041e\u043f\u043e\u0437\u0434\u0430\u043d\u0438\u0435 \u043d\u0430 ? \u043c\u0438\u043d. \u0421 \u0414\u0438\u043c\u043e\u0439 \u0412. \u0432\u0441\u0442\u0440\u044f\u043b\u0438, \u043f\u0435\u0440\u0435\u0433\u043e\u0440\u043e\u0434\u0438\u0432 \u043f\u0440\u043e\u0435\u0437\u0434"}
2026-03-03T06:46:17+00:00 START execute
2026-03-03T06:46:17+00:00 callback: null, message: {"message_id":7334,"from":{"id":7884024248,"is_bot":false,"first_name":"\u041c\u0430\u0442\u0432\u0435\u0439","last_name":"\u0411\u043e\u043d\u0434\u0430\u0440\u0435\u043d\u043a\u043e","username":"web_viper","language_code":"ru"},"chat":{"id":7884024248,"first_name":"\u041c\u0430\u0442\u0432\u0435\u0439","last_name":"\u0411\u043e\u043d\u0434\u0430\u0440\u0435\u043d\u043a\u043e","username":"web_viper","type":"private"},"date":1772520376,"text":"\/delay","entities":[{"offset":0,"length":6,"type":"bot_command"}]}
2026-03-03T06:46:17+00:00 telegram_id: 7884024248, chat_id: 7884024248, username: web_viper, text: ''
2026-03-03T06:46:17+00:00 FSM state: null, data: {"command":"delay"}
2026-03-03T06:46:17+00:00 default: show number_keyboard, message_id: 7334
2026-03-03T06:46:17+00:00, data: {"command":"delay","history":[null],"keyboard_message_id":7335}
2026-03-03T06:46:19+00:00 START execute
2026-03-03T06:46:19+00:00 callback: {"id":"6191510197101226309","from":{"id":7884024248,"is_bot":false,"first_name":"\u041c\u0430\u0442\u0432\u0435\u0439","last_name":"\u0411\u043e\u043d\u0434\u0430\u0440\u0435\u043d\u043a\u043e","username":"web_viper","language_code":"ru"},"message":{"message_id":7335,"from":{"id":8440407204,"is_bot":true,"first_name":"\u0414\u0435\u0436\u0443\u0440\u043d\u044b\u0439 \u0431\u043e\u0442","username":"peppers_dezhurniy_bot"},"chat":{"id":7884024248,"first_name":"\u041c\u0430\u0442\u0432\u0435\u0439","last_name":"\u0411\u043e\u043d\u0434\u0430\u0440\u0435\u043d\u043a\u043e","username":"web_viper","type":"private"},"date":1772520377,"text":"\u0423\u043a\u0430\u0436\u0438 \u043d\u0430 \u0441\u043a\u043e\u043b\u044c\u043a\u043e \u043c\u0438\u043d\u0443\u0442 \u0442\u044b \u043e\u043f\u0430\u0437\u0434\u044b\u0432\u0430\u0435\u0448\u044c:","reply_markup":{"inline_keyboard":[[{"text":"10","callback_data":"delay_10"},{"text":"15","callback_data":"delay_15"},{"text":"30","callback_data":"delay_30"}],[{"text":"\ud83c\udfe0 \u0413\u043b\u0430\u0432\u043d\u0430\u044f","callback_data":"main"}]]}},"chat_instance":"-1239881853868069590","data":"delay_15"}, message: null
2026-03-03T06:46:19+00:00 telegram_id: 7884024248, chat_id: 7884024248, username: web_viper, text: ''
2026-03-03T06:46:19+00:00 FSM state: "wait_time", data: {"command":"delay","history":[null],"keyboard_message_id":7335}
2026-03-03T06:46:19+00:00, data: {"command":"delay","history":[null],"keyboard_message_id":7335,"delay_minutes":15}
2026-03-03T06:46:46+00:00 START execute
2026-03-03T06:46:46+00:00 callback: null, message: {"message_id":7337,"from":{"id":7884024248,"is_bot":false,"first_name":"\u041c\u0430\u0442\u0432\u0435\u0439","last_name":"\u0411\u043e\u043d\u0434\u0430\u0440\u0435\u043d\u043a\u043e","username":"web_viper","language_code":"ru"},"chat":{"id":7884024248,"first_name":"\u041c\u0430\u0442\u0432\u0435\u0439","last_name":"\u0411\u043e\u043d\u0434\u0430\u0440\u0435\u043d\u043a\u043e","username":"web_viper","type":"private"},"date":1772520406,"text":"\u0414\u0435\u043b\u0430\u043b \u0437\u0430\u0434\u0430\u0447\u0443 \u0441 \u0443\u0442\u0440\u0430, \u0447\u0442\u043e\u0431\u044b \u0434\u043e\u0439\u0442\u0438 \u0434\u043e \u0442\u043e\u0447\u043a\u0438 \u0438 \u0437\u0430\u043a\u043e\u043d\u0447\u0438\u0442\u044c \u0437\u0430\u0434\u0435\u0440\u0436\u0430\u043b\u0441\u044f \u043d\u0430 15 \u043c\u0438\u043d."}
2026-03-03T06:46:46+00:00 telegram_id: 7884024248, chat_id: 7884024248, username: web_viper, text: 'Делал задачу с утра, чтобы дойти до точки и закончить задержался на 15 мин.'
2026-03-03T06:46:46+00:00 FSM state: "wait_reason", data: {"command":"delay","history":[null,"wait_time"],"keyboard_message_id":7336,"delay_minutes":15}
2026-03-03T06:46:50+00:00 START execute
2026-03-03T06:46:50+00:00 callback: {"id":"6191510196827017478","from":{"id":7884024248,"is_bot":false,"first_name":"\u041c\u0430\u0442\u0432\u0435\u0439","last_name":"\u0411\u043e\u043d\u0434\u0430\u0440\u0435\u043d\u043a\u043e","username":"web_viper","language_code":"ru"},"message":{"message_id":7338,"from":{"id":8440407204,"is_bot":true,"first_name":"\u0414\u0435\u0436\u0443\u0440\u043d\u044b\u0439 \u0431\u043e\u0442","username":"peppers_dezhurniy_bot"},"chat":{"id":7884024248,"first_name":"\u041c\u0430\u0442\u0432\u0435\u0439","last_name":"\u0411\u043e\u043d\u0434\u0430\u0440\u0435\u043d\u043a\u043e","username":"web_viper","type":"private"},"date":1772520407,"text":"\u041f\u0440\u043e\u0432\u0435\u0440\u044c \u0438\u043d\u0444\u043e\u0440\u043c\u0430\u0446\u0438\u044e: \n\u041e\u043f\u043e\u0437\u0434\u0430\u043d\u0438\u0435: 15 \u043c\u0438\u043d\n\u041f\u0440\u0438\u0447\u0438\u043d\u0430: \u0414\u0435\u043b\u0430\u043b \u0437\u0430\u0434\u0430\u0447\u0443 \u0441 \u0443\u0442\u0440\u0430, \u0447\u0442\u043e\u0431\u044b \u0434\u043e\u0439\u0442\u0438 \u0434\u043e \u0442\u043e\u0447\u043a\u0438 \u0438 \u0437\u0430\u043a\u043e\u043d\u0447\u0438\u0442\u044c \u0437\u0430\u0434\u0435\u0440\u0436\u0430\u043b\u0441\u044f \u043d\u0430 15 \u043c\u0438\u043d.\n\u0412\u0441\u0435 \u0432\u0435\u0440\u043d\u043e? \u041d\u0430\u043f\u0438\u0448\u0438 '\u0414\u0430' \u0438\u043b\u0438 '\u0418\u0441\u043f\u0440\u0430\u0432\u0438\u0442\u044c'","reply_markup":{"inline_keyboard":[[{"text":"\u2705 \u0414\u0430","callback_data":"yes"},{"text":"\u274c \u0418\u0441\u043f\u0440\u0430\u0432\u0438\u0442\u044c","callback_data":"edit"}],[{"text":"\ud83c\udfe0 \u0413\u043b\u0430\u0432\u043d\u0430\u044f","callback_data":"main"}]]}},"chat_instance":"-1239881853868069590","data":"yes"}, message: null
2026-03-03T06:46:50+00:00 telegram_id: 7884024248, chat_id: 7884024248, username: web_viper, text: ''
2026-03-03T06:46:50+00:00 FSM state: "confirm", data: {"command":"delay","history":[null,"wait_time","wait_reason"],"keyboard_message_id":7338,"delay_minutes":15,"reason":"\u0414\u0435\u043b\u0430\u043b \u0437\u0430\u0434\u0430\u0447\u0443 \u0441 \u0443\u0442\u0440\u0430, \u0447\u0442\u043e\u0431\u044b \u0434\u043e\u0439\u0442\u0438 \u0434\u043e \u0442\u043e\u0447\u043a\u0438 \u0438 \u0437\u0430\u043a\u043e\u043d\u0447\u0438\u0442\u044c \u0437\u0430\u0434\u0435\u0440\u0436\u0430\u043b\u0441\u044f \u043d\u0430 15 \u043c\u0438\u043d."}
2026-03-16T08:21:45+00:00 START execute
2026-03-16T08:21:45+00:00 callback: null, message: {"message_id":7449,"from":{"id":8303743952,"is_bot":false,"first_name":"\u041e\u043b\u044c\u0433\u0430","last_name":"TigerSnail","username":"olga_tiger_snail","language_code":"ru"},"chat":{"id":8303743952,"first_name":"\u041e\u043b\u044c\u0433\u0430","last_name":"TigerSnail","username":"olga_tiger_snail","type":"private"},"date":1773645731,"text":"\/delay","entities":[{"offset":0,"length":6,"type":"bot_command"}]}
2026-03-16T08:21:45+00:00 telegram_id: 8303743952, chat_id: 8303743952, username: olga_tiger_snail, text: ''
2026-03-16T08:21:45+00:00 FSM state: null, data: {"command":"delay"}
2026-03-16T08:21:45+00:00 default: show number_keyboard, message_id: 7449
2026-03-16T08:23:42+00:00 START execute
2026-03-16T08:23:42+00:00 callback: null, message: {"message_id":7450,"from":{"id":8303743952,"is_bot":false,"first_name":"\u041e\u043b\u044c\u0433\u0430","last_name":"TigerSnail","username":"olga_tiger_snail","language_code":"ru"},"chat":{"id":8303743952,"first_name":"\u041e\u043b\u044c\u0433\u0430","last_name":"TigerSnail","username":"olga_tiger_snail","type":"private"},"date":1773645753,"text":"\/delay","entities":[{"offset":0,"length":6,"type":"bot_command"}]}
2026-03-16T08:23:42+00:00 telegram_id: 8303743952, chat_id: 8303743952, username: olga_tiger_snail, text: ''
2026-03-16T08:23:42+00:00 FSM state: null, data: {"command":"delay"}
2026-03-16T08:23:42+00:00 default: show number_keyboard, message_id: 7450
2026-03-16T08:24:49+00:00 START execute
2026-03-16T08:24:49+00:00 callback: null, message: {"message_id":7451,"from":{"id":8303743952,"is_bot":false,"first_name":"\u041e\u043b\u044c\u0433\u0430","last_name":"TigerSnail","username":"olga_tiger_snail","language_code":"ru"},"chat":{"id":8303743952,"first_name":"\u041e\u043b\u044c\u0433\u0430","last_name":"TigerSnail","username":"olga_tiger_snail","type":"private"},"date":1773645753,"text":"\/delay","entities":[{"offset":0,"length":6,"type":"bot_command"}]}
2026-03-16T08:24:49+00:00 telegram_id: 8303743952, chat_id: 8303743952, username: olga_tiger_snail, text: ''
2026-03-16T08:24:49+00:00 FSM state: null, data: {"command":"delay"}
2026-03-16T08:24:49+00:00 default: show number_keyboard, message_id: 7451
2026-03-16T08:26:03+00:00 START execute
2026-03-16T08:26:03+00:00 callback: null, message: {"message_id":7452,"from":{"id":8303743952,"is_bot":false,"first_name":"\u041e\u043b\u044c\u0433\u0430","last_name":"TigerSnail","username":"olga_tiger_snail","language_code":"ru"},"chat":{"id":8303743952,"first_name":"\u041e\u043b\u044c\u0433\u0430","last_name":"TigerSnail","username":"olga_tiger_snail","type":"private"},"date":1773645753,"text":"\/delay","entities":[{"offset":0,"length":6,"type":"bot_command"}]}
2026-03-16T08:26:03+00:00 telegram_id: 8303743952, chat_id: 8303743952, username: olga_tiger_snail, text: ''
2026-03-16T08:26:03+00:00 FSM state: null, data: {"command":"delay"}
2026-03-16T08:26:03+00:00 default: show number_keyboard, message_id: 7452
2026-03-16T08:27:16+00:00 START execute
2026-03-16T08:27:16+00:00 callback: null, message: {"message_id":7453,"from":{"id":8303743952,"is_bot":false,"first_name":"\u041e\u043b\u044c\u0433\u0430","last_name":"TigerSnail","username":"olga_tiger_snail","language_code":"ru"},"chat":{"id":8303743952,"first_name":"\u041e\u043b\u044c\u0433\u0430","last_name":"TigerSnail","username":"olga_tiger_snail","type":"private"},"date":1773645753,"text":"\/delay","entities":[{"offset":0,"length":6,"type":"bot_command"}]}
2026-03-16T08:27:16+00:00 telegram_id: 8303743952, chat_id: 8303743952, username: olga_tiger_snail, text: ''
2026-03-16T08:27:16+00:00 FSM state: null, data: {"command":"delay"}
2026-03-16T08:27:16+00:00 default: show number_keyboard, message_id: 7453
2026-03-16T09:00:42+00:00 START execute
2026-03-16T09:00:42+00:00 callback: null, message: {"message_id":7456,"from":{"id":719967839,"is_bot":false,"first_name":"Anna","username":"anisholaka","language_code":"ru","is_premium":true},"chat":{"id":719967839,"first_name":"Anna","username":"anisholaka","type":"private"},"date":1773651628,"text":"\u0418\u0441\u043f\u0440\u0430\u0432\u0438\u0442\u044c"}
2026-03-16T09:00:42+00:00 telegram_id: 719967839, chat_id: 719967839, username: anisholaka, text: 'Исправить'
2026-03-16T09:00:42+00:00 FSM state: "confirm", data: {"command":"delay","delay_minutes":10,"prev_state":"wait_reason","reason":"\u041d\u0435\u0431\u043e\u043b\u044c\u0448\u0430\u044f \u043f\u0440\u043e\u0431\u043a\u0430"}
2026-03-16T15:10:29+00:00 START execute
2026-03-16T15:10:29+00:00 callback: null, message: {"message_id":7457,"from":{"id":719967839,"is_bot":false,"first_name":"Anna","username":"anisholaka","language_code":"ru","is_premium":true},"chat":{"id":719967839,"first_name":"Anna","username":"anisholaka","type":"private"},"date":1773651631,"text":"\u0413\u043b\u0430\u0432\u043d\u043e\u0435 \u043c\u0435\u043d\u044e"}
2026-03-16T15:10:29+00:00 telegram_id: 719967839, chat_id: 719967839, username: anisholaka, text: 'Главное меню'
2026-03-16T15:10:29+00:00 FSM state: "confirm", data: {"command":"delay","delay_minutes":10,"prev_state":"wait_reason","reason":"\u041d\u0435\u0431\u043e\u043b\u044c\u0448\u0430\u044f \u043f\u0440\u043e\u0431\u043a\u0430"}
2026-03-16T15:11:43+00:00 START execute
2026-03-16T15:11:43+00:00 callback: null, message: {"message_id":7458,"from":{"id":719967839,"is_bot":false,"first_name":"Anna","username":"anisholaka","language_code":"ru","is_premium":true},"chat":{"id":719967839,"first_name":"Anna","username":"anisholaka","type":"private"},"date":1773651633,"text":"\u0414\u0430"}
2026-03-16T15:11:43+00:00 telegram_id: 719967839, chat_id: 719967839, username: anisholaka, text: 'Да'
2026-03-16T15:11:43+00:00 FSM state: "confirm", data: {"command":"delay","delay_minutes":10,"prev_state":"wait_reason","reason":"\u041d\u0435\u0431\u043e\u043b\u044c\u0448\u0430\u044f \u043f\u0440\u043e\u0431\u043a\u0430"}
2026-03-17T07:05:47+00:00 START execute
2026-03-17T07:05:47+00:00 callback: null, message: {"message_id":7463,"from":{"id":467300867,"is_bot":false,"first_name":"\u041e\u043b\u044f","last_name":"\u041b\u0438\u0442\u043e\u0432\u043a\u0438\u043d\u0430","username":"LiLelya","language_code":"ru","is_premium":true},"chat":{"id":467300867,"first_name":"\u041e\u043b\u044f","last_name":"\u041b\u0438\u0442\u043e\u0432\u043a\u0438\u043d\u0430","username":"LiLelya","type":"private"},"date":1773731140,"text":"\/delay","entities":[{"offset":0,"length":6,"type":"bot_command"}]}
2026-03-17T07:05:47+00:00 telegram_id: 467300867, chat_id: 467300867, username: LiLelya, text: ''
2026-03-17T07:05:47+00:00 FSM state: "schedule_wait_text", data: {"command":"delay"}
2026-03-17T07:05:47+00:00 default: show number_keyboard, message_id: 7463
2026-03-17T11:52:19+00:00 START execute
2026-03-17T11:52:19+00:00 callback: null, message: {"message_id":7464,"from":{"id":719967839,"is_bot":false,"first_name":"Anna","username":"anisholaka","language_code":"ru","is_premium":true},"chat":{"id":719967839,"first_name":"Anna","username":"anisholaka","type":"private"},"date":1773748323,"text":"\u0418\u0441\u043f\u0440\u0430\u0432\u0438\u0442\u044c"}
2026-03-17T11:52:19+00:00 telegram_id: 719967839, chat_id: 719967839, username: anisholaka, text: 'Исправить'
2026-03-17T11:52:19+00:00 FSM state: "confirm", data: {"command":"delay","delay_minutes":10,"prev_state":"wait_reason","reason":"\u041d\u0435\u0431\u043e\u043b\u044c\u0448\u0430\u044f \u043f\u0440\u043e\u0431\u043a\u0430"}
2026-03-26T07:10:03+00:00 START execute
2026-03-26T07:10:03+00:00 callback: null, message: {"message_id":7482,"from":{"id":740051622,"is_bot":false,"first_name":"m\u00e5k\u015fim .\u1ebdthr\u00e7","username":"rirxzz","language_code":"ru","is_premium":true},"chat":{"id":740051622,"first_name":"m\u00e5k\u015fim .\u1ebdthr\u00e7","username":"rirxzz","type":"private"},"date":1774508951,"text":"\/delay","entities":[{"offset":0,"length":6,"type":"bot_command"}]}
2026-03-26T07:10:03+00:00 telegram_id: 740051622, chat_id: 740051622, username: rirxzz, text: ''
2026-03-26T07:10:03+00:00 FSM state: null, data: {"command":"delay"}
2026-03-26T07:10:03+00:00 default: show number_keyboard, message_id: 7482
2026-07-06T12:47:55+03:00 START execute
2026-07-06T12:47:55+03:00 callback: null, message: {"message_id":738,"from":{"id":499105167,"is_bot":false,"first_name":"Polina","last_name":"Bobrova","username":"bobrrrova","language_code":"ru"},"chat":{"id":499105167,"first_name":"Polina","last_name":"Bobrova","username":"bobrrrova","type":"private"},"date":1783331275,"text":"\/delay","entities":[{"offset":0,"length":6,"type":"bot_command"}]}
2026-07-06T12:47:55+03:00 telegram_id: 499105167, chat_id: 499105167, username: bobrrrova, text: ''
2026-07-06T12:47:55+03:00 FSM state: null, data: {"command":"delay"}
2026-07-06T12:47:55+03:00 default: show number_keyboard, message_id: 738
2026-07-06T12:47:55+03:00, data: {"command":"delay","history":[null],"keyboard_message_id":739}
2026-07-06T12:47:57+03:00 START execute
2026-07-06T12:47:57+03:00 callback: {"id":"2143640370620806024","from":{"id":499105167,"is_bot":false,"first_name":"Polina","last_name":"Bobrova","username":"bobrrrova","language_code":"ru"},"message":{"message_id":739,"from":{"id":7635041215,"is_bot":true,"first_name":"test1_test2_test3","username":"testtestbottestbotbotbot"},"chat":{"id":499105167,"first_name":"Polina","last_name":"Bobrova","username":"bobrrrova","type":"private"},"date":1783331275,"text":"\u0423\u043a\u0430\u0436\u0438 \u043d\u0430 \u0441\u043a\u043e\u043b\u044c\u043a\u043e \u043c\u0438\u043d\u0443\u0442 \u0442\u044b \u043e\u043f\u0430\u0437\u0434\u044b\u0432\u0430\u0435\u0448\u044c:","reply_markup":{"inline_keyboard":[[{"text":"10","callback_data":"delay_10"},{"text":"15","callback_data":"delay_15"},{"text":"30","callback_data":"delay_30"}],[{"text":"\ud83c\udfe0 \u0413\u043b\u0430\u0432\u043d\u0430\u044f","callback_data":"main"}]]}},"chat_instance":"5937052318969291835","data":"delay_10"}, message: null
2026-07-06T12:47:57+03:00 telegram_id: 499105167, chat_id: 499105167, username: bobrrrova, text: ''
2026-07-06T12:47:57+03:00 FSM state: "wait_time", data: {"command":"delay","history":[null],"keyboard_message_id":739}
2026-07-06T12:47:57+03:00, data: {"command":"delay","history":[null],"keyboard_message_id":739,"delay_minutes":10}
2026-07-06T12:48:02+03:00 START execute
2026-07-06T12:48:02+03:00 callback: null, message: {"message_id":741,"from":{"id":499105167,"is_bot":false,"first_name":"Polina","last_name":"Bobrova","username":"bobrrrova","language_code":"ru"},"chat":{"id":499105167,"first_name":"Polina","last_name":"Bobrova","username":"bobrrrova","type":"private"},"date":1783331282,"text":"\u043f\u0438"}
2026-07-06T12:48:02+03:00 telegram_id: 499105167, chat_id: 499105167, username: bobrrrova, text: 'пи'
2026-07-06T12:48:02+03:00 FSM state: "wait_reason", data: {"command":"delay","history":[null,"wait_time"],"keyboard_message_id":740,"delay_minutes":10}
2026-07-06T12:48:03+03:00 START execute
2026-07-06T12:48:03+03:00 callback: {"id":"2143640369854294403","from":{"id":499105167,"is_bot":false,"first_name":"Polina","last_name":"Bobrova","username":"bobrrrova","language_code":"ru"},"message":{"message_id":742,"from":{"id":7635041215,"is_bot":true,"first_name":"test1_test2_test3","username":"testtestbottestbotbotbot"},"chat":{"id":499105167,"first_name":"Polina","last_name":"Bobrova","username":"bobrrrova","type":"private"},"date":1783331282,"text":"\u041f\u0440\u043e\u0432\u0435\u0440\u044c \u0438\u043d\u0444\u043e\u0440\u043c\u0430\u0446\u0438\u044e: \n\u041e\u043f\u043e\u0437\u0434\u0430\u043d\u0438\u0435: 10 \u043c\u0438\u043d\n\u041f\u0440\u0438\u0447\u0438\u043d\u0430: \u043f\u0438\n\u0412\u0441\u0435 \u0432\u0435\u0440\u043d\u043e? \u041d\u0430\u043f\u0438\u0448\u0438 '\u0414\u0430' \u0438\u043b\u0438 '\u0418\u0441\u043f\u0440\u0430\u0432\u0438\u0442\u044c'","reply_markup":{"inline_keyboard":[[{"text":"\u2705 \u0414\u0430","callback_data":"yes"},{"text":"\u274c \u0418\u0441\u043f\u0440\u0430\u0432\u0438\u0442\u044c","callback_data":"edit"}],[{"text":"\ud83c\udfe0 \u0413\u043b\u0430\u0432\u043d\u0430\u044f","callback_data":"main"}]]}},"chat_instance":"5937052318969291835","data":"yes"}, message: null
2026-07-06T12:48:03+03:00 telegram_id: 499105167, chat_id: 499105167, username: bobrrrova, text: ''
2026-07-06T12:48:03+03:00 FSM state: "confirm", data: {"command":"delay","history":[null,"wait_time","wait_reason"],"keyboard_message_id":742,"delay_minutes":10,"reason":"\u043f\u0438"}
